<?xml version="1.0" encoding="UTF-8"?>
<testng-results skipped="0" failed="0" ignored="0" total="1" passed="1">
  <reporter-output>
  </reporter-output>
  <suite name="Suite" duration-ms="113127" started-at="2020-10-30T07:15:40Z" finished-at="2020-10-30T07:17:33Z">
    <groups>
      <group name="cucumber">
        <method signature="TestRunner.feature(cucumber.api.testng.CucumberFeatureWrapper)[pri:0, instance:CucumberOptions.TestRunner@b7f23d9]" name="feature" class="CucumberOptions.TestRunner"/>
      </group> <!-- cucumber -->
    </groups>
    <test name="Test" duration-ms="113127" started-at="2020-10-30T07:15:40Z" finished-at="2020-10-30T07:17:33Z">
      <class name="CucumberOptions.TestRunner">
        <test-method status="PASS" signature="setupclass()[pri:0, instance:CucumberOptions.TestRunner@b7f23d9]" name="setupclass" is-config="true" duration-ms="280" started-at="2020-10-30T07:15:40Z" finished-at="2020-10-30T07:15:40Z">
          <reporter-output>
          </reporter-output>
        </test-method> <!-- setupclass -->
        <test-method status="PASS" signature="feature(cucumber.api.testng.CucumberFeatureWrapper)[pri:0, instance:CucumberOptions.TestRunner@b7f23d9]" name="feature" duration-ms="112631" started-at="2020-10-30T07:15:40Z" description="Run cucumber features" data-provider="features" finished-at="2020-10-30T07:17:33Z">
          <params>
            <param index="0">
              <value>
                <![CDATA[login functionality]]>
              </value>
            </param>
          </params>
          <reporter-output>
          </reporter-output>
        </test-method> <!-- feature -->
        <test-method status="PASS" signature="teatdownclass()[pri:0, instance:CucumberOptions.TestRunner@b7f23d9]" name="teatdownclass" is-config="true" duration-ms="106" started-at="2020-10-30T07:17:33Z" finished-at="2020-10-30T07:17:33Z">
          <reporter-output>
          </reporter-output>
        </test-method> <!-- teatdownclass -->
      </class> <!-- CucumberOptions.TestRunner -->
    </test> <!-- Test -->
  </suite> <!-- Suite -->
</testng-results>
